<?xml version="1.0" encoding="UTF-8"?>
<!-- Generated by org.testng.reporters.JUnitReportReporter -->
<testsuite hostname="khushii-Inspiron-3542" failures="0" tests="1" name="com.demo.registration.RegistrationForm.RegistrationFormApplicationTests" time="2.564" errors="0" timestamp="2019-07-26T13:03:06 IST" skipped="0">
  <testcase classname="com.demo.registration.RegistrationForm.RegistrationFormApplicationTests" name="firstName" time="2.564"/>
</testsuite> <!-- com.demo.registration.RegistrationForm.RegistrationFormApplicationTests -->
